# JRE version: OpenJDK Runtime Environment (15.0.2+7) (build 15.0.2+7-27)
# Java VM: OpenJDK 64-Bit Server VM (15.0.2+7-27, mixed mode, tiered, compressed oops, g1 gc, windows-amd64)
GC Precious Log:
 CPUs: 2 total, 2 available
 Memory: 8191M
 Large Page Support: Disabled
 NUMA Support: Disabled
 Compressed Oops: Enabled (32-bit)
 Heap Region Size: 1M
 Heap Min Capacity: 8M
 Heap Initial Capacity: 128M
 Heap Max Capacity: 2G
 Pre-touch: Disabled
 Parallel Workers: 2
 Concurrent Workers: 1
 Concurrent Refinement Workers: 2
 Periodic GC: Disabled
Heap:
 garbage-first heap   total 131072K, used 20034K [0x0000000080000000, 0x0000000100000000)
  region size 1024K, 3 young (3072K), 3 survivors (3072K)
 Metaspace       used 38663K, capacity 39120K, committed 39500K, reserved 1083392K
  class space    used 4643K, capacity 4810K, committed 4940K, reserved 1048576K
GC Heap History (19 events):
Event: 1.158 GC heap before
{Heap before GC invocations=0 (full 0):
 garbage-first heap   total 131072K, used 6144K [0x0000000080000000, 0x0000000100000000)
  region size 1024K, 6 young (6144K), 0 survivors (0K)
 Metaspace       used 6371K, capacity 6446K, committed 6784K, reserved 1056768K
  class space    used 542K, capacity 554K, committed 640K, reserved 1048576K
}
Event: 1.539 GC heap after
{Heap after GC invocations=1 (full 0):
 garbage-first heap   total 131072K, used 4827K [0x0000000080000000, 0x0000000100000000)
  region size 1024K, 1 young (1024K), 1 survivors (1024K)
 Metaspace       used 6371K, capacity 6446K, committed 6784K, reserved 1056768K
  class space    used 542K, capacity 554K, committed 640K, reserved 1048576K
}
Event: 1.654 GC heap before
{Heap before GC invocations=1 (full 0):
 garbage-first heap   total 131072K, used 8923K [0x0000000080000000, 0x0000000100000000)
  region size 1024K, 6 young (6144K), 1 survivors (1024K)
 Metaspace       used 7529K, capacity 7614K, committed 7936K, reserved 1056768K
  class space    used 664K, capacity 686K, committed 768K, reserved 1048576K
}
Event: 1.658 GC heap after
{Heap after GC invocations=2 (full 0):
 garbage-first heap   total 131072K, used 7443K [0x0000000080000000, 0x0000000100000000)
  region size 1024K, 1 young (1024K), 1 survivors (1024K)
 Metaspace       used 7529K, capacity 7614K, committed 7936K, reserved 1056768K
  class space    used 664K, capacity 686K, committed 768K, reserved 1048576K
}
Event: 2.061 GC heap before
{Heap before GC invocations=2 (full 0):
 garbage-first heap   total 131072K, used 13587K [0x0000000080000000, 0x0000000100000000)
  region size 1024K, 7 young (7168K), 1 survivors (1024K)
 Metaspace       used 12651K, capacity 12793K, committed 12928K, reserved 1060864K
  class space    used 1266K, capacity 1317K, committed 1408K, reserved 1048576K
}
Event: 2.067 GC heap after
{Heap after GC invocations=3 (full 0):
 garbage-first heap   total 131072K, used 8569K [0x0000000080000000, 0x0000000100000000)
  region size 1024K, 1 young (1024K), 1 survivors (1024K)
 Metaspace       used 12651K, capacity 12793K, committed 12928K, reserved 1060864K
  class space    used 1266K, capacity 1317K, committed 1408K, reserved 1048576K
}
Event: 2.625 GC heap before
{Heap before GC invocations=3 (full 0):
 garbage-first heap   total 131072K, used 22905K [0x0000000080000000, 0x0000000100000000)
  region size 1024K, 15 young (15360K), 1 survivors (1024K)
 Metaspace       used 15543K, capacity 15700K, committed 15744K, reserved 1062912K
  class space    used 1598K, capacity 1646K, committed 1664K, reserved 1048576K
}
Event: 2.656 GC heap after
{Heap after GC invocations=4 (full 0):
 garbage-first heap   total 131072K, used 9728K [0x0000000080000000, 0x0000000100000000)
  region size 1024K, 2 young (2048K), 2 survivors (2048K)
 Metaspace       used 15543K, capacity 15700K, committed 15744K, reserved 1062912K
  class space    used 1598K, capacity 1646K, committed 1664K, reserved 1048576K
}
Event: 3.394 GC heap before
{Heap before GC invocations=4 (full 0):
 garbage-first heap   total 131072K, used 75264K [0x0000000080000000, 0x0000000100000000)
  region size 1024K, 68 young (69632K), 2 survivors (2048K)
 Metaspace       used 20840K, capacity 21109K, committed 21248K, reserved 1069056K
  class space    used 2359K, capacity 2470K, committed 2560K, reserved 1048576K
}
Event: 3.407 GC heap after
{Heap after GC invocations=5 (full 0):
 garbage-first heap   total 131072K, used 11617K [0x0000000080000000, 0x0000000100000000)
  region size 1024K, 4 young (4096K), 4 survivors (4096K)
 Metaspace       used 20840K, capacity 21109K, committed 21248K, reserved 1069056K
  class space    used 2359K, capacity 2470K, committed 2560K, reserved 1048576K
}
Event: 4.087 GC heap before
{Heap before GC invocations=6 (full 0):
 garbage-first heap   total 45056K, used 33121K [0x0000000080000000, 0x0000000100000000)
  region size 1024K, 26 young (26624K), 4 survivors (4096K)
 Metaspace       used 26233K, capacity 26610K, committed 26752K, reserved 1073152K
  class space    used 3030K, capacity 3152K, committed 3200K, reserved 1048576K
}
Event: 4.101 GC heap after
{Heap after GC invocations=7 (full 0):
 garbage-first heap   total 97280K, used 12656K [0x0000000080000000, 0x0000000100000000)
  region size 1024K, 3 young (3072K), 3 survivors (3072K)
 Metaspace       used 26233K, capacity 26610K, committed 26752K, reserved 1073152K
  class space    used 3030K, capacity 3152K, committed 3200K, reserved 1048576K
}
Event: 4.613 GC heap before
{Heap before GC invocations=7 (full 0):
 garbage-first heap   total 97280K, used 66928K [0x0000000080000000, 0x0000000100000000)
  region size 1024K, 57 young (58368K), 3 survivors (3072K)
 Metaspace       used 27893K, capacity 28296K, committed 28544K, reserved 1075200K
  class space    used 3238K, capacity 3395K, committed 3456K, reserved 1048576K
}
Event: 4.625 GC heap after
{Heap after GC invocations=8 (full 0):
 garbage-first heap   total 97280K, used 13998K [0x0000000080000000, 0x0000000100000000)
  region size 1024K, 5 young (5120K), 5 survivors (5120K)
 Metaspace       used 27893K, capacity 28296K, committed 28544K, reserved 1075200K
  class space    used 3238K, capacity 3395K, committed 3456K, reserved 1048576K
}
Event: 6.980 GC heap before
{Heap before GC invocations=8 (full 0):
 garbage-first heap   total 97280K, used 65198K [0x0000000080000000, 0x0000000100000000)
  region size 1024K, 56 young (57344K), 5 survivors (5120K)
 Metaspace       used 35316K, capacity 35754K, committed 35840K, reserved 1081344K
  class space    used 4274K, capacity 4456K, committed 4480K, reserved 1048576K
}
Event: 7.396 GC heap after
{Heap after GC invocations=9 (full 0):
 garbage-first heap   total 97280K, used 17169K [0x0000000080000000, 0x0000000100000000)
  region size 1024K, 8 young (8192K), 8 survivors (8192K)
 Metaspace       used 35316K, capacity 35754K, committed 35840K, reserved 1081344K
  class space    used 4274K, capacity 4456K, committed 4480K, reserved 1048576K
}
Event: 10.532 GC heap before
{Heap before GC invocations=10 (full 0):
 garbage-first heap   total 92160K, used 66321K [0x0000000080000000, 0x0000000100000000)
  region size 1024K, 57 young (58368K), 8 survivors (8192K)
 Metaspace       used 38219K, capacity 38672K, committed 38860K, reserved 1083392K
  class space    used 4602K, capacity 4746K, committed 4812K, reserved 1048576K
}
Event: 10.565 GC heap after
{Heap after GC invocations=11 (full 0):
 garbage-first heap   total 92160K, used 19764K [0x0000000080000000, 0x0000000100000000)
  region size 1024K, 7 young (7168K), 7 survivors (7168K)
 Metaspace       used 38219K, capacity 38672K, committed 38860K, reserved 1083392K
  class space    used 4602K, capacity 4746K, committed 4812K, reserved 1048576K
}
Event: 10.724 GC heap before
{Heap before GC invocations=12 (full 0):
 garbage-first heap   total 75776K, used 56628K [0x0000000080000000, 0x0000000100000000)
  region size 1024K, 44 young (45056K), 7 survivors (7168K)
 Metaspace       used 38663K, capacity 39120K, committed 39500K, reserved 1083392K
  class space    used 4643K, capacity 4810K, committed 4940K, reserved 1048576K
}

